[19:15:18.361] Global cache location '/home/seija/.cache/typescript/4.8', safe file path '/home/seija/uni/pwmanager-front/node_modules/typescript/lib/typingSafeList.json', types map path /home/seija/uni/pwmanager-front/node_modules/typescript/lib/typesMap.json
[19:15:18.362] Processing cache location '/home/seija/.cache/typescript/4.8'
[19:15:18.362] Trying to find '/home/seija/.cache/typescript/4.8/package.json'...
[19:15:18.367] Loaded content of '/home/seija/.cache/typescript/4.8/package.json': {"private":true,"dependencies":{"types-registry":"^0.1.613"},"devDependencies":{"@types/babel__core":"^7.1.19","@types/babel__preset-env":"^7.9.2","@types/babel__register":"^7.17.0","@types/eslint":"^8.4.6","@types/eslint-config-prettier":"^6.11.0","@types/eslint-plugin-prettier":"^3.1.0","@types/mocha":"^9.1.1","@types/pg":"^8.6.5","@types/prettier":"^2.7.0","@types/rimraf":"^3.0.2","@types/source-map-support":"^0.5.6","@types/supertest":"^2.0.12","@types/uglify-js":"^3.17.0"}}
[19:15:18.367] Loaded content of '/home/seija/.cache/typescript/4.8/package-lock.json'
[19:15:18.383] Adding entry into typings cache: 'babel__core' => '/home/seija/.cache/typescript/4.8/node_modules/@types/babel__core/index.d.ts'
[19:15:18.387] Adding entry into typings cache: 'babel__preset-env' => '/home/seija/.cache/typescript/4.8/node_modules/@types/babel__preset-env/index.d.ts'
[19:15:18.391] Adding entry into typings cache: 'babel__register' => '/home/seija/.cache/typescript/4.8/node_modules/@types/babel__register/index.d.ts'
[19:15:18.393] Adding entry into typings cache: 'eslint' => '/home/seija/.cache/typescript/4.8/node_modules/@types/eslint/index.d.ts'
[19:15:18.395] Adding entry into typings cache: 'eslint-config-prettier' => '/home/seija/.cache/typescript/4.8/node_modules/@types/eslint-config-prettier/index.d.ts'
[19:15:18.396] Adding entry into typings cache: 'eslint-plugin-prettier' => '/home/seija/.cache/typescript/4.8/node_modules/@types/eslint-plugin-prettier/index.d.ts'
[19:15:18.400] Adding entry into typings cache: 'mocha' => '/home/seija/.cache/typescript/4.8/node_modules/@types/mocha/index.d.ts'
[19:15:18.401] Adding entry into typings cache: 'pg' => '/home/seija/.cache/typescript/4.8/node_modules/@types/pg/index.d.ts'
[19:15:18.404] Adding entry into typings cache: 'prettier' => '/home/seija/.cache/typescript/4.8/node_modules/@types/prettier/index.d.ts'
[19:15:18.406] Adding entry into typings cache: 'rimraf' => '/home/seija/.cache/typescript/4.8/node_modules/@types/rimraf/index.d.ts'
[19:15:18.408] Adding entry into typings cache: 'source-map-support' => '/home/seija/.cache/typescript/4.8/node_modules/@types/source-map-support/index.d.ts'
[19:15:18.410] Adding entry into typings cache: 'supertest' => '/home/seija/.cache/typescript/4.8/node_modules/@types/supertest/index.d.ts'
[19:15:18.411] Adding entry into typings cache: 'uglify-js' => '/home/seija/.cache/typescript/4.8/node_modules/@types/uglify-js/index.d.ts'
[19:15:18.411] Finished processing cache location '/home/seija/.cache/typescript/4.8'
[19:15:18.412] Process id: 2237
[19:15:18.412] NPM location: /usr/bin/npm (explicit '--npmLocation' not  provided)
[19:15:18.412] validateDefaultNpmLocation: false
[19:15:18.412] Npm config file: /home/seija/.cache/typescript/4.8/package.json
[19:15:18.412] Updating types-registry npm package...
[19:15:18.412] Exec: /usr/bin/npm install --ignore-scripts types-registry@latest
[19:15:19.545]     Succeeded. stdout:
    
    up to date, audited 39 packages in 910ms

found 0 vulnerabilities

[19:15:19.545] Updated types-registry npm package
[19:15:28.315] Got install request {"projectName":"/dev/null/inferredProject1*","fileNames":[],"compilerOptions":{"module":1,"target":3,"jsx":1,"allowJs":true,"allowSyntheticDefaultImports":true,"allowNonTsExtensions":true,"noEmitForJsFiles":true},"typeAcquisition":{"enable":true,"include":[],"exclude":[]},"unresolvedImports":[],"projectRootPath":"/home/seija/uni/pwmanager-front/components/Crud","kind":"discover"}
[19:15:28.322] Loaded safelist from types map file '/home/seija/uni/pwmanager-front/node_modules/typescript/lib/typesMap.json'
[19:15:28.323] Explicitly included types: []
[19:15:28.323] Inferred typings from unresolved imports: []
[19:15:28.323] Result: {"cachedTypingPaths":[],"newTypingNames":[],"filesToWatch":["/home/seija/uni/pwmanager-front/components/Crud/bower_components","/home/seija/uni/pwmanager-front/components/Crud/node_modules"]}
[19:15:28.323] Finished typings discovery: {"cachedTypingPaths":[],"newTypingNames":[],"filesToWatch":["/home/seija/uni/pwmanager-front/components/Crud/bower_components","/home/seija/uni/pwmanager-front/components/Crud/node_modules"]}
[19:15:28.323] DirectoryWatcher:: Added:: WatchInfo: /home/seija/uni/pwmanager-front/components/Crud/bower_components
[19:15:28.324] DirectoryWatcher:: Added:: WatchInfo: /home/seija/uni/pwmanager-front/components/Crud/bower_components 1 undefined Project: /dev/null/inferredProject1* watcher already invoked: false
[19:15:28.325] Elapsed:: 1.719200000006822ms DirectoryWatcher:: Added:: WatchInfo: /home/seija/uni/pwmanager-front/components/Crud/bower_components 1 undefined Project: /dev/null/inferredProject1* watcher already invoked: false
[19:15:28.326] DirectoryWatcher:: Added:: WatchInfo: /home/seija/uni/pwmanager-front/components/Crud/node_modules
[19:15:28.326] DirectoryWatcher:: Added:: WatchInfo: /home/seija/uni/pwmanager-front/components/Crud/node_modules 1 undefined Project: /dev/null/inferredProject1* watcher already invoked: false
[19:15:28.326] Elapsed:: 0.11259999999310821ms DirectoryWatcher:: Added:: WatchInfo: /home/seija/uni/pwmanager-front/components/Crud/node_modules 1 undefined Project: /dev/null/inferredProject1* watcher already invoked: false
[19:15:28.326] Sending response:
    {"projectName":"/dev/null/inferredProject1*","typeAcquisition":{"enable":true,"include":[],"exclude":[]},"compilerOptions":{"module":1,"target":3,"jsx":1,"allowJs":true,"allowSyntheticDefaultImports":true,"allowNonTsExtensions":true,"noEmitForJsFiles":true},"typings":[],"unresolvedImports":[],"kind":"action::set"}
[19:15:28.326] Response has been sent.
[19:15:28.326] No new typings were requested as a result of typings discovery
[19:16:01.019] Got install request {"projectName":"/dev/null/inferredProject2*","fileNames":[],"compilerOptions":{"module":1,"target":3,"jsx":1,"allowJs":true,"allowSyntheticDefaultImports":true,"allowNonTsExtensions":true,"noEmitForJsFiles":true},"typeAcquisition":{"enable":true,"include":[],"exclude":[]},"unresolvedImports":[],"projectRootPath":"/home/seija/uni/pwmanager-front/pages","kind":"discover"}
[19:16:01.019] Explicitly included types: []
[19:16:01.019] Inferred typings from unresolved imports: []
[19:16:01.019] Result: {"cachedTypingPaths":[],"newTypingNames":[],"filesToWatch":["/home/seija/uni/pwmanager-front/pages/bower_components","/home/seija/uni/pwmanager-front/pages/node_modules"]}
[19:16:01.019] Finished typings discovery: {"cachedTypingPaths":[],"newTypingNames":[],"filesToWatch":["/home/seija/uni/pwmanager-front/pages/bower_components","/home/seija/uni/pwmanager-front/pages/node_modules"]}
[19:16:01.019] DirectoryWatcher:: Added:: WatchInfo: /home/seija/uni/pwmanager-front/pages/bower_components
[19:16:01.019] DirectoryWatcher:: Added:: WatchInfo: /home/seija/uni/pwmanager-front/pages/bower_components 1 undefined Project: /dev/null/inferredProject2* watcher already invoked: false
[19:16:01.019] Elapsed:: 0.12930000000051223ms DirectoryWatcher:: Added:: WatchInfo: /home/seija/uni/pwmanager-front/pages/bower_components 1 undefined Project: /dev/null/inferredProject2* watcher already invoked: false
[19:16:01.020] DirectoryWatcher:: Added:: WatchInfo: /home/seija/uni/pwmanager-front/pages/node_modules
[19:16:01.020] DirectoryWatcher:: Added:: WatchInfo: /home/seija/uni/pwmanager-front/pages/node_modules 1 undefined Project: /dev/null/inferredProject2* watcher already invoked: false
[19:16:01.020] Elapsed:: 0.09270000000833534ms DirectoryWatcher:: Added:: WatchInfo: /home/seija/uni/pwmanager-front/pages/node_modules 1 undefined Project: /dev/null/inferredProject2* watcher already invoked: false
[19:16:01.020] Sending response:
    {"projectName":"/dev/null/inferredProject2*","typeAcquisition":{"enable":true,"include":[],"exclude":[]},"compilerOptions":{"module":1,"target":3,"jsx":1,"allowJs":true,"allowSyntheticDefaultImports":true,"allowNonTsExtensions":true,"noEmitForJsFiles":true},"typings":[],"unresolvedImports":[],"kind":"action::set"}
[19:16:01.020] Response has been sent.
[19:16:01.020] No new typings were requested as a result of typings discovery
[19:16:31.059] Got install request {"projectName":"/dev/null/inferredProject3*","fileNames":[],"compilerOptions":{"module":1,"target":3,"jsx":1,"allowJs":true,"allowSyntheticDefaultImports":true,"allowNonTsExtensions":true,"noEmitForJsFiles":true},"typeAcquisition":{"enable":true,"include":[],"exclude":[]},"unresolvedImports":[],"projectRootPath":"/home/seija/uni/pwmanager-front/pages/save","kind":"discover"}
[19:16:31.059] Explicitly included types: []
[19:16:31.059] Inferred typings from unresolved imports: []
[19:16:31.059] Result: {"cachedTypingPaths":[],"newTypingNames":[],"filesToWatch":["/home/seija/uni/pwmanager-front/pages/save/bower_components","/home/seija/uni/pwmanager-front/pages/save/node_modules"]}
[19:16:31.060] Finished typings discovery: {"cachedTypingPaths":[],"newTypingNames":[],"filesToWatch":["/home/seija/uni/pwmanager-front/pages/save/bower_components","/home/seija/uni/pwmanager-front/pages/save/node_modules"]}
[19:16:31.060] DirectoryWatcher:: Added:: WatchInfo: /home/seija/uni/pwmanager-front/pages/save/bower_components
[19:16:31.060] DirectoryWatcher:: Added:: WatchInfo: /home/seija/uni/pwmanager-front/pages/save/bower_components 1 undefined Project: /dev/null/inferredProject3* watcher already invoked: false
[19:16:31.060] Elapsed:: 0.11520000000018626ms DirectoryWatcher:: Added:: WatchInfo: /home/seija/uni/pwmanager-front/pages/save/bower_components 1 undefined Project: /dev/null/inferredProject3* watcher already invoked: false
[19:16:31.060] DirectoryWatcher:: Added:: WatchInfo: /home/seija/uni/pwmanager-front/pages/save/node_modules
[19:16:31.060] DirectoryWatcher:: Added:: WatchInfo: /home/seija/uni/pwmanager-front/pages/save/node_modules 1 undefined Project: /dev/null/inferredProject3* watcher already invoked: false
[19:16:31.060] Elapsed:: 0.09049999999115244ms DirectoryWatcher:: Added:: WatchInfo: /home/seija/uni/pwmanager-front/pages/save/node_modules 1 undefined Project: /dev/null/inferredProject3* watcher already invoked: false
[19:16:31.060] Sending response:
    {"projectName":"/dev/null/inferredProject3*","typeAcquisition":{"enable":true,"include":[],"exclude":[]},"compilerOptions":{"module":1,"target":3,"jsx":1,"allowJs":true,"allowSyntheticDefaultImports":true,"allowNonTsExtensions":true,"noEmitForJsFiles":true},"typings":[],"unresolvedImports":[],"kind":"action::set"}
[19:16:31.060] Response has been sent.
[19:16:31.060] No new typings were requested as a result of typings discovery
[19:29:29.286] Got install request {"projectName":"/dev/null/inferredProject4*","fileNames":[],"compilerOptions":{"module":1,"target":3,"jsx":1,"allowJs":true,"allowSyntheticDefaultImports":true,"allowNonTsExtensions":true,"noEmitForJsFiles":true},"typeAcquisition":{"enable":true,"include":[],"exclude":[]},"unresolvedImports":[],"projectRootPath":"/home/seija/uni/pwmanager-front/api","kind":"discover"}
[19:29:29.286] Explicitly included types: []
[19:29:29.287] Inferred typings from unresolved imports: []
[19:29:29.287] Result: {"cachedTypingPaths":[],"newTypingNames":[],"filesToWatch":["/home/seija/uni/pwmanager-front/api/bower_components","/home/seija/uni/pwmanager-front/api/node_modules"]}
[19:29:29.287] Finished typings discovery: {"cachedTypingPaths":[],"newTypingNames":[],"filesToWatch":["/home/seija/uni/pwmanager-front/api/bower_components","/home/seija/uni/pwmanager-front/api/node_modules"]}
[19:29:29.287] DirectoryWatcher:: Added:: WatchInfo: /home/seija/uni/pwmanager-front/api/bower_components
[19:29:29.287] DirectoryWatcher:: Added:: WatchInfo: /home/seija/uni/pwmanager-front/api/bower_components 1 undefined Project: /dev/null/inferredProject4* watcher already invoked: false
[19:29:29.287] Elapsed:: 0.13810000009834766ms DirectoryWatcher:: Added:: WatchInfo: /home/seija/uni/pwmanager-front/api/bower_components 1 undefined Project: /dev/null/inferredProject4* watcher already invoked: false
[19:29:29.287] DirectoryWatcher:: Added:: WatchInfo: /home/seija/uni/pwmanager-front/api/node_modules
[19:29:29.287] DirectoryWatcher:: Added:: WatchInfo: /home/seija/uni/pwmanager-front/api/node_modules 1 undefined Project: /dev/null/inferredProject4* watcher already invoked: false
[19:29:29.287] Elapsed:: 0.08790000015869737ms DirectoryWatcher:: Added:: WatchInfo: /home/seija/uni/pwmanager-front/api/node_modules 1 undefined Project: /dev/null/inferredProject4* watcher already invoked: false
[19:29:29.287] Sending response:
    {"projectName":"/dev/null/inferredProject4*","typeAcquisition":{"enable":true,"include":[],"exclude":[]},"compilerOptions":{"module":1,"target":3,"jsx":1,"allowJs":true,"allowSyntheticDefaultImports":true,"allowNonTsExtensions":true,"noEmitForJsFiles":true},"typings":[],"unresolvedImports":[],"kind":"action::set"}
[19:29:29.287] Response has been sent.
[19:29:29.287] No new typings were requested as a result of typings discovery
[19:29:39.137] Got install request {"projectName":"/dev/null/inferredProject4*","fileNames":[],"compilerOptions":{"module":1,"target":3,"jsx":1,"allowJs":true,"allowSyntheticDefaultImports":true,"allowNonTsExtensions":true,"noEmitForJsFiles":true},"typeAcquisition":{"enable":true,"include":[],"exclude":[]},"unresolvedImports":[],"projectRootPath":"/home/seija/uni/pwmanager-front/api","kind":"discover"}
[19:29:39.137] Explicitly included types: []
[19:29:39.137] Inferred typings from unresolved imports: []
[19:29:39.137] Result: {"cachedTypingPaths":[],"newTypingNames":[],"filesToWatch":["/home/seija/uni/pwmanager-front/api/bower_components","/home/seija/uni/pwmanager-front/api/node_modules"]}
[19:29:39.137] Finished typings discovery: {"cachedTypingPaths":[],"newTypingNames":[],"filesToWatch":["/home/seija/uni/pwmanager-front/api/bower_components","/home/seija/uni/pwmanager-front/api/node_modules"]}
[19:29:39.137] Sending response:
    {"projectName":"/dev/null/inferredProject4*","typeAcquisition":{"enable":true,"include":[],"exclude":[]},"compilerOptions":{"module":1,"target":3,"jsx":1,"allowJs":true,"allowSyntheticDefaultImports":true,"allowNonTsExtensions":true,"noEmitForJsFiles":true},"typings":[],"unresolvedImports":[],"kind":"action::set"}
[19:29:39.137] Response has been sent.
[19:29:39.137] No new typings were requested as a result of typings discovery
[19:30:03.551] Got install request {"projectName":"/dev/null/inferredProject4*","fileNames":[],"compilerOptions":{"module":1,"target":3,"jsx":1,"allowJs":true,"allowSyntheticDefaultImports":true,"allowNonTsExtensions":true,"noEmitForJsFiles":true},"typeAcquisition":{"enable":true,"include":[],"exclude":[]},"unresolvedImports":[],"projectRootPath":"/home/seija/uni/pwmanager-front/api","kind":"discover"}
[19:30:03.551] Explicitly included types: []
[19:30:03.551] Inferred typings from unresolved imports: []
[19:30:03.551] Result: {"cachedTypingPaths":[],"newTypingNames":[],"filesToWatch":["/home/seija/uni/pwmanager-front/api/bower_components","/home/seija/uni/pwmanager-front/api/node_modules"]}
[19:30:03.551] Finished typings discovery: {"cachedTypingPaths":[],"newTypingNames":[],"filesToWatch":["/home/seija/uni/pwmanager-front/api/bower_components","/home/seija/uni/pwmanager-front/api/node_modules"]}
[19:30:03.551] Sending response:
    {"projectName":"/dev/null/inferredProject4*","typeAcquisition":{"enable":true,"include":[],"exclude":[]},"compilerOptions":{"module":1,"target":3,"jsx":1,"allowJs":true,"allowSyntheticDefaultImports":true,"allowNonTsExtensions":true,"noEmitForJsFiles":true},"typings":[],"unresolvedImports":[],"kind":"action::set"}
[19:30:03.551] Response has been sent.
[19:30:03.551] No new typings were requested as a result of typings discovery
[19:30:10.598] Got install request {"projectName":"/dev/null/inferredProject5*","fileNames":[],"compilerOptions":{"module":1,"target":3,"jsx":1,"allowJs":true,"allowSyntheticDefaultImports":true,"allowNonTsExtensions":true,"noEmitForJsFiles":true},"typeAcquisition":{"enable":true,"include":[],"exclude":[]},"unresolvedImports":[],"projectRootPath":"/home/seija/uni/pwmanager-front/pages","kind":"discover"}
[19:30:10.598] Explicitly included types: []
[19:30:10.598] Inferred typings from unresolved imports: []
[19:30:10.598] Result: {"cachedTypingPaths":[],"newTypingNames":[],"filesToWatch":["/home/seija/uni/pwmanager-front/pages/bower_components","/home/seija/uni/pwmanager-front/pages/node_modules"]}
[19:30:10.598] Finished typings discovery: {"cachedTypingPaths":[],"newTypingNames":[],"filesToWatch":["/home/seija/uni/pwmanager-front/pages/bower_components","/home/seija/uni/pwmanager-front/pages/node_modules"]}
[19:30:10.598] DirectoryWatcher:: Added:: WatchInfo: /home/seija/uni/pwmanager-front/pages/bower_components
[19:30:10.598] DirectoryWatcher:: Added:: WatchInfo: /home/seija/uni/pwmanager-front/pages/bower_components 1 undefined Project: /dev/null/inferredProject5* watcher already invoked: false
[19:30:10.598] Elapsed:: 0.024500000057742ms DirectoryWatcher:: Added:: WatchInfo: /home/seija/uni/pwmanager-front/pages/bower_components 1 undefined Project: /dev/null/inferredProject5* watcher already invoked: false
[19:30:10.598] DirectoryWatcher:: Added:: WatchInfo: /home/seija/uni/pwmanager-front/pages/node_modules
[19:30:10.598] DirectoryWatcher:: Added:: WatchInfo: /home/seija/uni/pwmanager-front/pages/node_modules 1 undefined Project: /dev/null/inferredProject5* watcher already invoked: false
[19:30:10.598] Elapsed:: 0.014699999941512942ms DirectoryWatcher:: Added:: WatchInfo: /home/seija/uni/pwmanager-front/pages/node_modules 1 undefined Project: /dev/null/inferredProject5* watcher already invoked: false
[19:30:10.598] Sending response:
    {"projectName":"/dev/null/inferredProject5*","typeAcquisition":{"enable":true,"include":[],"exclude":[]},"compilerOptions":{"module":1,"target":3,"jsx":1,"allowJs":true,"allowSyntheticDefaultImports":true,"allowNonTsExtensions":true,"noEmitForJsFiles":true},"typings":[],"unresolvedImports":[],"kind":"action::set"}
[19:30:10.598] Response has been sent.
[19:30:10.598] No new typings were requested as a result of typings discovery
